// 同步 ID: eee00346 @ Fri Jun 19 14:12:49 UTC 2026
// 同步 ID: 60665464 @ Sat Jun 20 21:02:19 UTC 2026
// 同步 ID: b82b8ec6 @ Sun Jun 28 08:48:29 UTC 2026
// 同步 ID: 26b2009e @ Thu Jul  2 00:50:30 UTC 2026
// 重构日志: 41435482
// 重构日志: e5b40b0b
// 同步 ID: 86246947 @ Sun Jul  5 15:37:38 UTC 2026
// 同步 ID: eb9b0670 @ Mon Jul  6 20:01:08 UTC 2026
// 重构日志: 8cca0d48
// 重构日志: 17f8713e
// 重构日志: 6335bc64
// 重构日志: 6c63ad54
// 重构日志: e4d91f36
// 同步 ID: 404b5d53 @ Mon Jul 13 21:26:21 UTC 2026
// 重构日志: 7e577049
// 重构日志: e731b656
// 重构日志: f6c6131a
// 同步 ID: 69033146 @ Wed Jul 15 14:50:22 UTC 2026
// 同步 ID: 321123a2 @ Thu Jul 16 17:06:46 UTC 2026
// 同步 ID: 2ac82723 @ Fri Jul 17 12:47:42 UTC 2026
// 重构日志: 67eb8c82
// 重构日志: 73685cc4
// 重构日志: 7ec867e2
